<?xml version="1.0" encoding="UTF-8"?>
<testng-results ignored="0" total="1" passed="1" failed="0" skipped="0">
  <reporter-output>
  </reporter-output>
  <suite started-at="2024-10-02T16:56:38 EEST" name="Default suite" finished-at="2024-10-02T16:56:52 EEST" duration-ms="13974">
    <groups>
    </groups>
    <test started-at="2024-10-02T16:56:38 EEST" name="Default test" finished-at="2024-10-02T16:56:52 EEST" duration-ms="13974">
      <class name="courses.ewf">
        <test-method signature="test()[pri:0, instance:courses.ewf@1189dd52]" started-at="2024-10-02T16:56:38 EEST" name="test" finished-at="2024-10-02T16:56:52 EEST" duration-ms="13932" status="PASS">
          <reporter-output>
          </reporter-output>
        </test-method> <!-- test -->
      </class> <!-- courses.ewf -->
    </test> <!-- Default test -->
  </suite> <!-- Default suite -->
</testng-results>
